A warning occurred
An error occurred
Info
A warning occurred
An error occurred
Info
A warning occurred
An error occurred
Info
A warning occurred
An error occurred
Info
A warning occurred
An error occurred
A user registered with: Shuva007shuva
A warning occurred
An error occurred
A user registered with: abcd123abcd
A user registered with: ghjhhbjh8888888888888888888888888888888888888888888888888888888888888888
A user registered with: qwe11111111111111111111111111111111qqqqqqqqqqqqqqqqqqqqqqqqqqqqqqqqqqqqqqqqqqqqqqqqqqqqqqqqqqqqqqqqqqqqqq
A user registered with: qwerty1234qwerty
